<?xml version="1.0" encoding="UTF-8"?>
<!-- Generated by org.testng.reporters.JUnitXMLReporter -->
<testsuite ignored="0" hostname="DESKTOP-UA7G0ND" failures="1" tests="3" name="ErrorValidationTest" time="27.022" errors="0" timestamp="2024-07-03T13:23:16 IST">
  <testcase classname="SeleniumProject.MySeleniumProject.Tests.ErrorValidationTest" name="loginErrorValidation" time="0.699">
    <skipped/>
  </testcase> <!-- loginErrorValidation -->
  <testcase classname="SeleniumProject.MySeleniumProject.Tests.ErrorValidationTest" name="loginErrorValidation" time="0.707">
    <failure type="java.lang.AssertionError" message="expected [Incorrect email password.] but found [Incorrect email or password.]">
      <![CDATA[java.lang.AssertionError: expected [Incorrect email password.] but found [Incorrect email or password.]
at SeleniumProject.MySeleniumProject.Tests.ErrorValidationTest.loginErrorValidation(ErrorValidationTest.java:35)
at java.base/java.util.ArrayList.forEach(ArrayList.java:1596)
at java.base/java.util.concurrent.FutureTask.run(FutureTask.java:317)
at java.base/java.util.concurrent.ThreadPoolExecutor.runWorker(ThreadPoolExecutor.java:1144)
at java.base/java.util.concurrent.ThreadPoolExecutor$Worker.run(ThreadPoolExecutor.java:642)
at java.base/java.lang.Thread.run(Thread.java:1583)
... Removed 21 stack frames]]>
    </failure>
  </testcase> <!-- loginErrorValidation -->
  <testcase classname="SeleniumProject.MySeleniumProject.Tests.ErrorValidationTest" name="productErrorValidation" time="9.708"/>
</testsuite> <!-- ErrorValidationTest -->
