<?xml version="1.0" encoding="UTF-8"?>
<!-- Generated by org.testng.reporters.JUnitXMLReporter -->
<testsuite ignored="0" hostname="DESKTOP-UA7G0ND" failures="1" tests="3" name="Test" time="48.524" errors="0" timestamp="2024-07-01T17:17:36 IST">
  <testcase classname="SeleniumProject.MySeleniumProject.Tests.ErrorValidationTest" name="loginErrorValidation" time="0.616">
    <failure type="java.lang.AssertionError" message="expected [Incorrect email password.] but found [Incorrect email or password.]">
      <![CDATA[java.lang.AssertionError: expected [Incorrect email password.] but found [Incorrect email or password.]
at SeleniumProject.MySeleniumProject.Tests.ErrorValidationTest.loginErrorValidation(ErrorValidationTest.java:34)
at java.base/java.util.ArrayList.forEach(ArrayList.java:1596)
... Removed 31 stack frames]]>
    </failure>
  </testcase> <!-- loginErrorValidation -->
  <testcase classname="SeleniumProject.MySeleniumProject.Tests.ErrorValidationTest" name="productErrorValidation" time="16.106"/>
  <testcase classname="SeleniumProject.MySeleniumProject.Tests.SubmitCartTest" name="submitOrder" time="17.419"/>
</testsuite> <!-- Test -->
