<?xml version="1.0" encoding="UTF-8"?>
<testng-results retried="1" ignored="1" total="7" passed="4" failed="1" skipped="0">
  <reporter-output>
  </reporter-output>
  <suite started-at="2024-07-04T13:43:30 IST" name="Suite" finished-at="2024-07-04T13:44:00 IST" duration-ms="29674">
    <groups>
      <group name="Error Validation">
        <method signature="ErrorValidationTest.loginErrorValidation()[pri:0, instance:SeleniumProject.MySeleniumProject.Tests.ErrorValidationTest@1e4f4a5c]" name="loginErrorValidation" class="SeleniumProject.MySeleniumProject.Tests.ErrorValidationTest"/>
      </group> <!-- Error Validation -->
      <group name="NewPurchase">
        <method signature="SubmitCartTest.submitOrder(java.util.HashMap)[pri:0, instance:SeleniumProject.MySeleniumProject.Tests.SubmitCartTest@65987993]" name="submitOrder" class="SeleniumProject.MySeleniumProject.Tests.SubmitCartTest"/>
      </group> <!-- NewPurchase -->
    </groups>
    <test started-at="2024-07-04T13:43:30 IST" name="ErrorValidationTest" finished-at="2024-07-04T13:43:56 IST" duration-ms="25953">
      <class name="SeleniumProject.MySeleniumProject.Tests.ErrorValidationTest">
        <test-method is-config="true" signature="launchApplication()[pri:0, instance:SeleniumProject.MySeleniumProject.Tests.ErrorValidationTest@1e4f4a5c]" started-at="2024-07-04T13:43:30 IST" name="launchApplication" finished-at="2024-07-04T13:43:40 IST" duration-ms="9494" status="PASS">
          <reporter-output>
          </reporter-output>
        </test-method> <!-- launchApplication -->
        <test-method retried="true" signature="loginErrorValidation()[pri:0, instance:SeleniumProject.MySeleniumProject.Tests.ErrorValidationTest@1e4f4a5c]" started-at="2024-07-04T13:43:40 IST" name="loginErrorValidation" finished-at="2024-07-04T13:43:41 IST" duration-ms="1007" status="SKIP">
          <exception class="java.lang.AssertionError">
            <message>
              <![CDATA[expected [Incorrect email password.] but found [Incorrect email or password.]]]>
            </message>
            <full-stacktrace>
              <![CDATA[java.lang.AssertionError: expected [Incorrect email password.] but found [Incorrect email or password.]
at org.testng.Assert.fail(Assert.java:111)
at org.testng.Assert.failNotEquals(Assert.java:1578)
at org.testng.Assert.assertEqualsImpl(Assert.java:150)
at org.testng.Assert.assertEquals(Assert.java:132)
at org.testng.Assert.assertEquals(Assert.java:656)
at org.testng.Assert.assertEquals(Assert.java:666)
at SeleniumProject.MySeleniumProject.Tests.ErrorValidationTest.loginErrorValidation(ErrorValidationTest.java:35)
at java.base/jdk.internal.reflect.DirectMethodHandleAccessor.invoke(DirectMethodHandleAccessor.java:103)
at java.base/java.lang.reflect.Method.invoke(Method.java:580)
at org.testng.internal.invokers.MethodInvocationHelper.invokeMethod(MethodInvocationHelper.java:141)
at org.testng.internal.invokers.TestInvoker.invokeMethod(TestInvoker.java:686)
at org.testng.internal.invokers.TestInvoker.invokeTestMethod(TestInvoker.java:230)
at org.testng.internal.invokers.MethodRunner.runInSequence(MethodRunner.java:63)
at org.testng.internal.invokers.TestInvoker$MethodInvocationAgent.invoke(TestInvoker.java:992)
at org.testng.internal.invokers.TestInvoker.invokeTestMethods(TestInvoker.java:203)
at org.testng.internal.invokers.TestMethodWorker.invokeTestMethods(TestMethodWorker.java:154)
at org.testng.internal.invokers.TestMethodWorker.run(TestMethodWorker.java:134)
at java.base/java.util.ArrayList.forEach(ArrayList.java:1596)
at org.testng.TestRunner.privateRun(TestRunner.java:739)
at org.testng.TestRunner.run(TestRunner.java:614)
at org.testng.SuiteRunner.runTest(SuiteRunner.java:421)
at org.testng.SuiteRunner$SuiteWorker.run(SuiteRunner.java:463)
at org.testng.internal.thread.ThreadUtil.lambda$execute$0(ThreadUtil.java:64)
at java.base/java.util.concurrent.FutureTask.run(FutureTask.java:317)
at java.base/java.util.concurrent.ThreadPoolExecutor.runWorker(ThreadPoolExecutor.java:1144)
at java.base/java.util.concurrent.ThreadPoolExecutor$Worker.run(ThreadPoolExecutor.java:642)
at java.base/java.lang.Thread.run(Thread.java:1583)
]]>
            </full-stacktrace>
          </exception> <!-- java.lang.AssertionError -->
          <reporter-output>
          </reporter-output>
        </test-method> <!-- loginErrorValidation -->
        <test-method is-config="true" signature="closeDriver()[pri:0, instance:SeleniumProject.MySeleniumProject.Tests.ErrorValidationTest@1e4f4a5c]" started-at="2024-07-04T13:43:41 IST" name="closeDriver" finished-at="2024-07-04T13:43:41 IST" duration-ms="32" status="PASS">
          <reporter-output>
          </reporter-output>
        </test-method> <!-- closeDriver -->
        <test-method is-config="true" signature="launchApplication()[pri:0, instance:SeleniumProject.MySeleniumProject.Tests.ErrorValidationTest@1e4f4a5c]" started-at="2024-07-04T13:43:41 IST" name="launchApplication" finished-at="2024-07-04T13:43:44 IST" duration-ms="3616" status="PASS">
          <reporter-output>
          </reporter-output>
        </test-method> <!-- launchApplication -->
        <test-method signature="loginErrorValidation()[pri:0, instance:SeleniumProject.MySeleniumProject.Tests.ErrorValidationTest@1e4f4a5c]" started-at="2024-07-04T13:43:44 IST" name="loginErrorValidation" finished-at="2024-07-04T13:43:45 IST" duration-ms="920" status="FAIL">
          <exception class="java.lang.AssertionError">
            <message>
              <![CDATA[expected [Incorrect email password.] but found [Incorrect email or password.]]]>
            </message>
            <full-stacktrace>
              <![CDATA[java.lang.AssertionError: expected [Incorrect email password.] but found [Incorrect email or password.]
at org.testng.Assert.fail(Assert.java:111)
at org.testng.Assert.failNotEquals(Assert.java:1578)
at org.testng.Assert.assertEqualsImpl(Assert.java:150)
at org.testng.Assert.assertEquals(Assert.java:132)
at org.testng.Assert.assertEquals(Assert.java:656)
at org.testng.Assert.assertEquals(Assert.java:666)
at SeleniumProject.MySeleniumProject.Tests.ErrorValidationTest.loginErrorValidation(ErrorValidationTest.java:35)
at java.base/jdk.internal.reflect.DirectMethodHandleAccessor.invoke(DirectMethodHandleAccessor.java:103)
at java.base/java.lang.reflect.Method.invoke(Method.java:580)
at org.testng.internal.invokers.MethodInvocationHelper.invokeMethod(MethodInvocationHelper.java:141)
at org.testng.internal.invokers.TestInvoker.invokeMethod(TestInvoker.java:686)
at org.testng.internal.invokers.TestInvoker.retryFailed(TestInvoker.java:269)
at org.testng.internal.invokers.MethodRunner.runInSequence(MethodRunner.java:76)
at org.testng.internal.invokers.TestInvoker$MethodInvocationAgent.invoke(TestInvoker.java:992)
at org.testng.internal.invokers.TestInvoker.invokeTestMethods(TestInvoker.java:203)
at org.testng.internal.invokers.TestMethodWorker.invokeTestMethods(TestMethodWorker.java:154)
at org.testng.internal.invokers.TestMethodWorker.run(TestMethodWorker.java:134)
at java.base/java.util.ArrayList.forEach(ArrayList.java:1596)
at org.testng.TestRunner.privateRun(TestRunner.java:739)
at org.testng.TestRunner.run(TestRunner.java:614)
at org.testng.SuiteRunner.runTest(SuiteRunner.java:421)
at org.testng.SuiteRunner$SuiteWorker.run(SuiteRunner.java:463)
at org.testng.internal.thread.ThreadUtil.lambda$execute$0(ThreadUtil.java:64)
at java.base/java.util.concurrent.FutureTask.run(FutureTask.java:317)
at java.base/java.util.concurrent.ThreadPoolExecutor.runWorker(ThreadPoolExecutor.java:1144)
at java.base/java.util.concurrent.ThreadPoolExecutor$Worker.run(ThreadPoolExecutor.java:642)
at java.base/java.lang.Thread.run(Thread.java:1583)
]]>
            </full-stacktrace>
          </exception> <!-- java.lang.AssertionError -->
          <reporter-output>
          </reporter-output>
        </test-method> <!-- loginErrorValidation -->
        <test-method is-config="true" signature="closeDriver()[pri:0, instance:SeleniumProject.MySeleniumProject.Tests.ErrorValidationTest@1e4f4a5c]" started-at="2024-07-04T13:43:46 IST" name="closeDriver" finished-at="2024-07-04T13:43:46 IST" duration-ms="134" status="PASS">
          <reporter-output>
          </reporter-output>
        </test-method> <!-- closeDriver -->
        <test-method is-config="true" signature="launchApplication()[pri:0, instance:SeleniumProject.MySeleniumProject.Tests.ErrorValidationTest@1e4f4a5c]" started-at="2024-07-04T13:43:46 IST" name="launchApplication" finished-at="2024-07-04T13:43:50 IST" duration-ms="4502" status="PASS">
          <reporter-output>
          </reporter-output>
        </test-method> <!-- launchApplication -->
        <test-method signature="productErrorValidation()[pri:0, instance:SeleniumProject.MySeleniumProject.Tests.ErrorValidationTest@1e4f4a5c]" started-at="2024-07-04T13:43:50 IST" name="productErrorValidation" finished-at="2024-07-04T13:43:56 IST" duration-ms="5824" status="PASS">
          <reporter-output>
          </reporter-output>
        </test-method> <!-- productErrorValidation -->
        <test-method is-config="true" signature="closeDriver()[pri:0, instance:SeleniumProject.MySeleniumProject.Tests.ErrorValidationTest@1e4f4a5c]" started-at="2024-07-04T13:43:56 IST" name="closeDriver" finished-at="2024-07-04T13:43:56 IST" duration-ms="25" status="PASS">
          <reporter-output>
          </reporter-output>
        </test-method> <!-- closeDriver -->
      </class> <!-- SeleniumProject.MySeleniumProject.Tests.ErrorValidationTest -->
    </test> <!-- ErrorValidationTest -->
    <test started-at="2024-07-04T13:43:30 IST" name="SubmitCartTest" finished-at="2024-07-04T13:44:00 IST" duration-ms="29674">
      <class name="SeleniumProject.MySeleniumProject.Tests.SubmitCartTest">
        <test-method is-config="true" signature="launchApplication()[pri:0, instance:SeleniumProject.MySeleniumProject.Tests.SubmitCartTest@65987993]" started-at="2024-07-04T13:43:30 IST" name="launchApplication" finished-at="2024-07-04T13:43:37 IST" duration-ms="6172" status="PASS">
          <reporter-output>
          </reporter-output>
        </test-method> <!-- launchApplication -->
        <test-method signature="submitOrder(java.util.HashMap)[pri:0, instance:SeleniumProject.MySeleniumProject.Tests.SubmitCartTest@65987993]" started-at="2024-07-04T13:43:37 IST" name="submitOrder" data-provider="getData" finished-at="2024-07-04T13:43:45 IST" duration-ms="8706" status="PASS">
          <params>
            <param index="0">
              <value>
                <![CDATA[{password=harry@Code5, product=ZARA COAT 3, email=harrysindhia@gmail.com}]]>
              </value>
            </param>
          </params>
          <reporter-output>
          </reporter-output>
        </test-method> <!-- submitOrder -->
        <test-method is-config="true" signature="closeDriver()[pri:0, instance:SeleniumProject.MySeleniumProject.Tests.SubmitCartTest@65987993]" started-at="2024-07-04T13:43:45 IST" name="closeDriver" finished-at="2024-07-04T13:43:45 IST" duration-ms="28" status="PASS">
          <reporter-output>
          </reporter-output>
        </test-method> <!-- closeDriver -->
        <test-method is-config="true" signature="launchApplication()[pri:0, instance:SeleniumProject.MySeleniumProject.Tests.SubmitCartTest@65987993]" started-at="2024-07-04T13:43:45 IST" name="launchApplication" finished-at="2024-07-04T13:43:49 IST" duration-ms="3226" status="PASS">
          <reporter-output>
          </reporter-output>
        </test-method> <!-- launchApplication -->
        <test-method signature="submitOrder(java.util.HashMap)[pri:0, instance:SeleniumProject.MySeleniumProject.Tests.SubmitCartTest@65987993]" started-at="2024-07-04T13:43:49 IST" name="submitOrder" data-provider="getData" finished-at="2024-07-04T13:43:55 IST" duration-ms="6586" status="PASS">
          <params>
            <param index="0">
              <value>
                <![CDATA[{password=harryCode@5, product=ADIDAS ORIGINAL, email=harrycoder@gmail.com}]]>
              </value>
            </param>
          </params>
          <reporter-output>
          </reporter-output>
        </test-method> <!-- submitOrder -->
        <test-method is-config="true" signature="closeDriver()[pri:0, instance:SeleniumProject.MySeleniumProject.Tests.SubmitCartTest@65987993]" started-at="2024-07-04T13:43:55 IST" name="closeDriver" finished-at="2024-07-04T13:43:55 IST" duration-ms="22" status="PASS">
          <reporter-output>
          </reporter-output>
        </test-method> <!-- closeDriver -->
        <test-method is-config="true" signature="launchApplication()[pri:0, instance:SeleniumProject.MySeleniumProject.Tests.SubmitCartTest@65987993]" started-at="2024-07-04T13:43:55 IST" name="launchApplication" finished-at="2024-07-04T13:43:59 IST" duration-ms="4134" status="PASS">
          <reporter-output>
          </reporter-output>
        </test-method> <!-- launchApplication -->
        <test-method signature="prodMatchOrderList()[pri:0, instance:SeleniumProject.MySeleniumProject.Tests.SubmitCartTest@65987993]" started-at="2024-07-04T13:43:59 IST" name="prodMatchOrderList" finished-at="2024-07-04T13:44:00 IST" depends-on-methods="SeleniumProject.MySeleniumProject.Tests.SubmitCartTest.submitOrder" duration-ms="489" status="PASS">
          <reporter-output>
          </reporter-output>
        </test-method> <!-- prodMatchOrderList -->
        <test-method is-config="true" signature="closeDriver()[pri:0, instance:SeleniumProject.MySeleniumProject.Tests.SubmitCartTest@65987993]" started-at="2024-07-04T13:44:00 IST" name="closeDriver" finished-at="2024-07-04T13:44:00 IST" duration-ms="25" status="PASS">
          <reporter-output>
          </reporter-output>
        </test-method> <!-- closeDriver -->
      </class> <!-- SeleniumProject.MySeleniumProject.Tests.SubmitCartTest -->
    </test> <!-- SubmitCartTest -->
  </suite> <!-- Suite -->
</testng-results>
